<?xml version="1.0" encoding="UTF-8"?>
<testng-results total="0" passed="0" failed="0" skipped="0">
  <reporter-output>
  </reporter-output>
  <suite started-at="2021-07-20T10:21:14Z" name="RegressionTests" finished-at="2021-07-20T10:21:17Z" duration-ms="2998">
    <groups>
    </groups>
    <test started-at="2021-07-20T10:21:14Z" name="sample" finished-at="2021-07-20T10:21:17Z" duration-ms="2998">
      <class name="coaching_center_base.BaseClass">
        <test-method is-config="true" signature="SetUp()[pri:0, instance:coaching_center_base.BaseClass@7a69b07]" started-at="2021-07-20T15:51:11Z" name="SetUp" finished-at="2021-07-20T15:51:14Z" duration-ms="3582" status="PASS">
          <reporter-output>
          </reporter-output>
        </test-method> <!-- SetUp -->
        <test-method is-config="true" signature="OpenApplication()[pri:0, instance:coaching_center_base.BaseClass@7a69b07]" started-at="2021-07-20T15:51:14Z" name="OpenApplication" finished-at="2021-07-20T15:51:17Z" duration-ms="2993" status="PASS">
          <reporter-output>
          </reporter-output>
        </test-method> <!-- OpenApplication -->
        <test-method is-config="true" signature="Destroy()[pri:0, instance:coaching_center_base.BaseClass@7a69b07]" started-at="2021-07-20T15:51:17Z" name="Destroy" finished-at="2021-07-20T15:51:18Z" duration-ms="1293" status="PASS">
          <reporter-output>
          </reporter-output>
        </test-method> <!-- Destroy -->
      </class> <!-- coaching_center_base.BaseClass -->
    </test> <!-- sample -->
  </suite> <!-- RegressionTests -->
</testng-results>
