<?xml version="1.0" encoding="UTF-8"?>
<testng-results skipped="0" failed="0" total="0" passed="0">
  <reporter-output>
  </reporter-output>
  <suite name="RegressionTests" duration-ms="19585" started-at="2021-07-23T14:18:33Z" finished-at="2021-07-23T14:18:52Z">
    <groups>
    </groups>
    <test name="sample" duration-ms="19585" started-at="2021-07-23T14:18:33Z" finished-at="2021-07-23T14:18:52Z">
      <class name="coaching_center_base.BaseClass">
        <test-method status="PASS" signature="SetUp()[pri:0, instance:coaching_center_base.BaseClass@22f71333]" name="SetUp" is-config="true" duration-ms="6197" started-at="2021-07-23T19:48:26Z" finished-at="2021-07-23T19:48:33Z">
          <reporter-output>
          </reporter-output>
        </test-method> <!-- SetUp -->
        <test-method status="PASS" signature="OpenApplication()[pri:0, instance:coaching_center_base.BaseClass@22f71333]" name="OpenApplication" is-config="true" duration-ms="19567" started-at="2021-07-23T19:48:33Z" finished-at="2021-07-23T19:48:52Z">
          <reporter-output>
          </reporter-output>
        </test-method> <!-- OpenApplication -->
        <test-method status="PASS" signature="Destroy()[pri:0, instance:coaching_center_base.BaseClass@22f71333]" name="Destroy" is-config="true" duration-ms="981" started-at="2021-07-23T19:48:52Z" finished-at="2021-07-23T19:48:53Z">
          <reporter-output>
          </reporter-output>
        </test-method> <!-- Destroy -->
      </class> <!-- coaching_center_base.BaseClass -->
    </test> <!-- sample -->
  </suite> <!-- RegressionTests -->
</testng-results>
