<?xml version="1.0" encoding="UTF-8"?>
<!-- Generated by org.testng.reporters.JUnitXMLReporter -->
<testsuite ignored="2" hostname="DELL1" failures="0" tests="1" name="Default test" time="0.075" errors="0" timestamp="2021-08-31T21:30:59 IST">
  <testcase classname="Regression_Tests.Admin_Group_SAT_Test" name="verifySudentVideoFunc" time="0.013"/>
  <testcase classname="Regression_Tests.Admin_Group_SAT_Test" name="verifyActiveInactiveStudetFunc" time="0.0">
    <ignored/>
  </testcase> <!-- verifyActiveInactiveStudetFunc -->
  <testcase classname="Regression_Tests.Admin_Group_SAT_Test" name="verifyManageClass" time="0.0">
    <ignored/>
  </testcase> <!-- verifyManageClass -->
</testsuite> <!-- Default test -->
