<?xml version="1.0" encoding="UTF-8"?>
<testng-results ignored="0" total="0" passed="0" failed="0" skipped="0">
  <reporter-output>
  </reporter-output>
  <suite started-at="2021-07-20T15:50:03 IST" name="RegressionTests" finished-at="2021-07-20T15:50:06 IST" duration-ms="3032">
    <groups>
    </groups>
    <test started-at="2021-07-20T15:50:03 IST" name="sample" finished-at="2021-07-20T15:50:06 IST" duration-ms="3032">
      <class name="coaching_center_base.BaseClass">
        <test-method is-config="true" signature="SetUp()[pri:0, instance:coaching_center_base.BaseClass@3fb1549b]" started-at="2021-07-20T15:49:59 IST" name="SetUp" finished-at="2021-07-20T15:50:03 IST" duration-ms="3194" status="PASS">
          <reporter-output>
          </reporter-output>
        </test-method> <!-- SetUp -->
        <test-method is-config="true" signature="OpenApplication()[pri:0, instance:coaching_center_base.BaseClass@3fb1549b]" started-at="2021-07-20T15:50:03 IST" name="OpenApplication" finished-at="2021-07-20T15:50:06 IST" duration-ms="3018" status="PASS">
          <reporter-output>
          </reporter-output>
        </test-method> <!-- OpenApplication -->
        <test-method is-config="true" signature="Destroy()[pri:0, instance:coaching_center_base.BaseClass@3fb1549b]" started-at="2021-07-20T15:50:06 IST" name="Destroy" finished-at="2021-07-20T15:50:07 IST" duration-ms="1597" status="PASS">
          <reporter-output>
          </reporter-output>
        </test-method> <!-- Destroy -->
      </class> <!-- coaching_center_base.BaseClass -->
    </test> <!-- sample -->
  </suite> <!-- RegressionTests -->
</testng-results>
