<?xml version="1.0" encoding="UTF-8"?>
<!-- Generated by org.testng.reporters.JUnitXMLReporter -->
<testsuite ignored="9" hostname="DELL1" failures="2" tests="5" name="sample" time="311.403" errors="0" timestamp="2021-09-04T21:23:10 IST">
  <testcase classname="Regression_Tests.Admin_BranchManagement_Tests" name="verify_Login_Funtionality" time="24.021"/>
  <testcase classname="Regression_Tests.Admin_Group_SAT_Test" name="verifyManageClass" time="49.71"/>
  <testcase classname="Regression_Tests.Admin_Group_SAT_Test" name="verifyActiveInactiveStudetFunc" time="100.799"/>
  <testcase classname="Regression_Tests.Admin_Group_SAT_Test" name="verifySudentVideoFunc" time="121.739">
    <failure type="org.openqa.selenium.WebDriverException" message="chrome not reachable
  (Session info: chrome=92.0.4515.159)
Build info: version: &amp;apos;3.141.59&amp;apos;, revision: &amp;apos;e82be7d358&amp;apos;, time: &amp;apos;2018-11-14T08:17:03&amp;apos;
System info: host: &amp;apos;DELL1&amp;apos;, ip: &amp;apos;192.168.1.3&amp;apos;, os.name: &amp;apos;Windows 10&amp;apos;, os.arch: &amp;apos;amd64&amp;apos;, os.version: &amp;apos;10.0&amp;apos;, java.version: &amp;apos;15.0.2&amp;apos;
Driver info: org.openqa.selenium.chrome.ChromeDriver
Capabilities {acceptInsecureCerts: false, browserName: chrome, browserVersion: 92.0.4515.159, chrome: {chromedriverVersion: 92.0.4515.107 (87a818b10553..., userDataDir: C:\Users\Bhatt\AppData\Loca...}, goog:chromeOptions: {debuggerAddress: localhost:51076}, javascriptEnabled: true, networkConnectionEnabled: false, pageLoadStrategy: normal, platform: WINDOWS, platformName: WINDOWS, proxy: Proxy(), setWindowRect: true, strictFileInteractability: false, timeouts: {implicit: 0, pageLoad: 300000, script: 30000}, unhandledPromptBehavior: dismiss and notify, webauthn:extension:credBlob: true, webauthn:extension:largeBlob: true, webauthn:virtualAuthenticators: true}
Session ID: 3018661830c0e0b10b5c0982076e140b
*** Element info: {Using=xpath, value=//div[@id=&amp;apos;collapseOne2&amp;apos;]//input[@id=&amp;apos;classDate&amp;apos;]}">
      <![CDATA[org.openqa.selenium.WebDriverException: chrome not reachable
  (Session info: chrome=92.0.4515.159)
Build info: version: '3.141.59', revision: 'e82be7d358', time: '2018-11-14T08:17:03'
System info: host: 'DELL1', ip: '192.168.1.3', os.name: 'Windows 10', os.arch: 'amd64', os.version: '10.0', java.version: '15.0.2'
Driver info: org.openqa.selenium.chrome.ChromeDriver
Capabilities {acceptInsecureCerts: false, browserName: chrome, browserVersion: 92.0.4515.159, chrome: {chromedriverVersion: 92.0.4515.107 (87a818b10553..., userDataDir: C:\Users\Bhatt\AppData\Loca...}, goog:chromeOptions: {debuggerAddress: localhost:51076}, javascriptEnabled: true, networkConnectionEnabled: false, pageLoadStrategy: normal, platform: WINDOWS, platformName: WINDOWS, proxy: Proxy(), setWindowRect: true, strictFileInteractability: false, timeouts: {implicit: 0, pageLoad: 300000, script: 30000}, unhandledPromptBehavior: dismiss and notify, webauthn:extension:credBlob: true, webauthn:extension:largeBlob: true, webauthn:virtualAuthenticators: true}
Session ID: 3018661830c0e0b10b5c0982076e140b
*** Element info: {Using=xpath, value=//div[@id='collapseOne2']//input[@id='classDate']}
at org.openqa.selenium.remote.http.W3CHttpResponseCodec.createException(W3CHttpResponseCodec.java:187)
at org.openqa.selenium.remote.http.W3CHttpResponseCodec.decode(W3CHttpResponseCodec.java:122)
at org.openqa.selenium.remote.http.W3CHttpResponseCodec.decode(W3CHttpResponseCodec.java:49)
at org.openqa.selenium.remote.HttpCommandExecutor.execute(HttpCommandExecutor.java:158)
at org.openqa.selenium.remote.service.DriverCommandExecutor.execute(DriverCommandExecutor.java:83)
at org.openqa.selenium.remote.RemoteWebDriver.execute(RemoteWebDriver.java:552)
at org.openqa.selenium.remote.RemoteWebDriver.findElement(RemoteWebDriver.java:323)
at org.openqa.selenium.remote.RemoteWebDriver.findElementByXPath(RemoteWebDriver.java:428)
at org.openqa.selenium.By$ByXPath.findElement(By.java:353)
at org.openqa.selenium.remote.RemoteWebDriver.findElement(RemoteWebDriver.java:315)
at org.openqa.selenium.support.pagefactory.DefaultElementLocator.findElement(DefaultElementLocator.java:69)
at org.openqa.selenium.support.pagefactory.internal.LocatingElementHandler.invoke(LocatingElementHandler.java:38)
at com.sun.proxy.$Proxy13.sendKeys(Unknown Source)
at Admin_Group_SAT_Pages.ManageClass_MangeVideo.createLink(ManageClass_MangeVideo.java:148)
at Regression_Tests.Admin_Group_SAT_Test.verifySudentVideoFunc(Admin_Group_SAT_Test.java:36)
at java.base/java.util.ArrayList.forEach(ArrayList.java:1511)
... Removed 32 stack frames]]>
    </failure>
  </testcase> <!-- verifySudentVideoFunc -->
  <testcase classname="Regression_Tests.Admin_Group_SAT_Test" name="verifyStudentProgressTracker" time="14.163">
    <failure type="org.openqa.selenium.WebDriverException" message="chrome not reachable
  (Session info: chrome=92.0.4515.159)
Build info: version: &amp;apos;3.141.59&amp;apos;, revision: &amp;apos;e82be7d358&amp;apos;, time: &amp;apos;2018-11-14T08:17:03&amp;apos;
System info: host: &amp;apos;DELL1&amp;apos;, ip: &amp;apos;192.168.1.3&amp;apos;, os.name: &amp;apos;Windows 10&amp;apos;, os.arch: &amp;apos;amd64&amp;apos;, os.version: &amp;apos;10.0&amp;apos;, java.version: &amp;apos;15.0.2&amp;apos;
Driver info: org.openqa.selenium.chrome.ChromeDriver
Capabilities {acceptInsecureCerts: false, browserName: chrome, browserVersion: 92.0.4515.159, chrome: {chromedriverVersion: 92.0.4515.107 (87a818b10553..., userDataDir: C:\Users\Bhatt\AppData\Loca...}, goog:chromeOptions: {debuggerAddress: localhost:51076}, javascriptEnabled: true, networkConnectionEnabled: false, pageLoadStrategy: normal, platform: WINDOWS, platformName: WINDOWS, proxy: Proxy(), setWindowRect: true, strictFileInteractability: false, timeouts: {implicit: 0, pageLoad: 300000, script: 30000}, unhandledPromptBehavior: dismiss and notify, webauthn:extension:credBlob: true, webauthn:extension:largeBlob: true, webauthn:virtualAuthenticators: true}
Session ID: 3018661830c0e0b10b5c0982076e140b
*** Element info: {Using=xpath, value=//span[contains(.,&amp;apos;Branch Management&amp;apos;)]}">
      <![CDATA[org.openqa.selenium.WebDriverException: chrome not reachable
  (Session info: chrome=92.0.4515.159)
Build info: version: '3.141.59', revision: 'e82be7d358', time: '2018-11-14T08:17:03'
System info: host: 'DELL1', ip: '192.168.1.3', os.name: 'Windows 10', os.arch: 'amd64', os.version: '10.0', java.version: '15.0.2'
Driver info: org.openqa.selenium.chrome.ChromeDriver
Capabilities {acceptInsecureCerts: false, browserName: chrome, browserVersion: 92.0.4515.159, chrome: {chromedriverVersion: 92.0.4515.107 (87a818b10553..., userDataDir: C:\Users\Bhatt\AppData\Loca...}, goog:chromeOptions: {debuggerAddress: localhost:51076}, javascriptEnabled: true, networkConnectionEnabled: false, pageLoadStrategy: normal, platform: WINDOWS, platformName: WINDOWS, proxy: Proxy(), setWindowRect: true, strictFileInteractability: false, timeouts: {implicit: 0, pageLoad: 300000, script: 30000}, unhandledPromptBehavior: dismiss and notify, webauthn:extension:credBlob: true, webauthn:extension:largeBlob: true, webauthn:virtualAuthenticators: true}
Session ID: 3018661830c0e0b10b5c0982076e140b
*** Element info: {Using=xpath, value=//span[contains(.,'Branch Management')]}
at org.openqa.selenium.remote.http.W3CHttpResponseCodec.createException(W3CHttpResponseCodec.java:187)
at org.openqa.selenium.remote.http.W3CHttpResponseCodec.decode(W3CHttpResponseCodec.java:122)
at org.openqa.selenium.remote.http.W3CHttpResponseCodec.decode(W3CHttpResponseCodec.java:49)
at org.openqa.selenium.remote.HttpCommandExecutor.execute(HttpCommandExecutor.java:158)
at org.openqa.selenium.remote.service.DriverCommandExecutor.execute(DriverCommandExecutor.java:83)
at org.openqa.selenium.remote.RemoteWebDriver.execute(RemoteWebDriver.java:552)
at org.openqa.selenium.remote.RemoteWebDriver.findElement(RemoteWebDriver.java:323)
at org.openqa.selenium.remote.RemoteWebDriver.findElementByXPath(RemoteWebDriver.java:428)
at org.openqa.selenium.By$ByXPath.findElement(By.java:353)
at org.openqa.selenium.remote.RemoteWebDriver.findElement(RemoteWebDriver.java:315)
at org.openqa.selenium.support.pagefactory.DefaultElementLocator.findElement(DefaultElementLocator.java:69)
at org.openqa.selenium.support.pagefactory.internal.LocatingElementHandler.invoke(LocatingElementHandler.java:38)
at com.sun.proxy.$Proxy13.click(Unknown Source)
at Admin_Group_SAT_Pages.SAT_TemplatePage.navigateToManageClassSAT(SAT_TemplatePage.java:47)
at Regression_Tests.Admin_Group_SAT_Test.verifyStudentProgressTracker(Admin_Group_SAT_Test.java:43)
at java.base/java.util.ArrayList.forEach(ArrayList.java:1511)
... Removed 32 stack frames]]>
    </failure>
  </testcase> <!-- verifyStudentProgressTracker -->
  <testcase classname="Regression_Tests.Admin_BranchManagement_Tests" name="verify_student_prospect_page" time="0.0">
    <ignored/>
  </testcase> <!-- verify_student_prospect_page -->
  <testcase classname="Regression_Tests.Admin_BranchManagement_Tests" name="verify_Add_remove_branches_page" time="0.0">
    <ignored/>
  </testcase> <!-- verify_Add_remove_branches_page -->
  <testcase classname="Regression_Tests.Admin_BranchManagement_Tests" name="verify_referral_activity_page" time="0.0">
    <ignored/>
  </testcase> <!-- verify_referral_activity_page -->
  <testcase classname="Regression_Tests.Admin_BranchManagement_Tests" name="verify_student_teacher_mapping_page" time="0.0">
    <ignored/>
  </testcase> <!-- verify_student_teacher_mapping_page -->
  <testcase classname="Regression_Tests.Admin_BranchManagement_Tests" name="New_Registraton_Page_Verification" time="0.0">
    <ignored/>
  </testcase> <!-- New_Registraton_Page_Verification -->
  <testcase classname="Regression_Tests.Admin_BranchManagement_Tests" name="verify_student_management_functionality" time="0.0">
    <ignored/>
  </testcase> <!-- verify_student_management_functionality -->
  <testcase classname="Regression_Tests.Admin_BranchManagement_Tests" name="verify_Add_update_enquiry_page" time="0.0">
    <ignored/>
  </testcase> <!-- verify_Add_update_enquiry_page -->
  <testcase classname="Regression_Tests.Admin_BranchManagement_Tests" name="verify_Search_Student_functionality" time="0.0">
    <ignored/>
  </testcase> <!-- verify_Search_Student_functionality -->
  <testcase classname="Regression_Tests.Admin_BranchManagement_Tests" name="verify_photo_approval_management_page" time="0.0">
    <ignored/>
  </testcase> <!-- verify_photo_approval_management_page -->
</testsuite> <!-- sample -->
