<?xml version="1.0" encoding="UTF-8"?>
<!-- Generated by org.testng.reporters.JUnitXMLReporter -->
<testsuite ignored="9" hostname="DELL1" failures="0" tests="2" name="sample" time="73.255" errors="0" timestamp="2021-08-24T18:23:10 IST">
  <testcase classname="Regression_Tests.Admin_BranchManagement_Tests" name="verify_Login_Funtionality" time="24.44"/>
  <testcase classname="Regression_Tests.Admin_Group_SAT_Test" name="navigateToManageClass" time="47.443"/>
  <testcase classname="Regression_Tests.Admin_BranchManagement_Tests" name="verify_student_prospect_page" time="0.0">
    <ignored/>
  </testcase> <!-- verify_student_prospect_page -->
  <testcase classname="Regression_Tests.Admin_BranchManagement_Tests" name="verify_Add_remove_branches_page" time="0.0">
    <ignored/>
  </testcase> <!-- verify_Add_remove_branches_page -->
  <testcase classname="Regression_Tests.Admin_BranchManagement_Tests" name="verify_referral_activity_page" time="0.0">
    <ignored/>
  </testcase> <!-- verify_referral_activity_page -->
  <testcase classname="Regression_Tests.Admin_BranchManagement_Tests" name="verify_student_teacher_mapping_page" time="0.0">
    <ignored/>
  </testcase> <!-- verify_student_teacher_mapping_page -->
  <testcase classname="Regression_Tests.Admin_BranchManagement_Tests" name="New_Registraton_Page_Verification" time="0.0">
    <ignored/>
  </testcase> <!-- New_Registraton_Page_Verification -->
  <testcase classname="Regression_Tests.Admin_BranchManagement_Tests" name="verify_student_management_functionality" time="0.0">
    <ignored/>
  </testcase> <!-- verify_student_management_functionality -->
  <testcase classname="Regression_Tests.Admin_BranchManagement_Tests" name="verify_Add_update_enquiry_page" time="0.0">
    <ignored/>
  </testcase> <!-- verify_Add_update_enquiry_page -->
  <testcase classname="Regression_Tests.Admin_BranchManagement_Tests" name="verify_Search_Student_functionality" time="0.0">
    <ignored/>
  </testcase> <!-- verify_Search_Student_functionality -->
  <testcase classname="Regression_Tests.Admin_BranchManagement_Tests" name="verify_photo_approval_management_page" time="0.0">
    <ignored/>
  </testcase> <!-- verify_photo_approval_management_page -->
</testsuite> <!-- sample -->
